[2026-05-17 09:45:26,333: INFO: main: Welcome to ML Batch P logs]
[2026-05-17 13:03:10,466: INFO: common: YAML file config\config.yaml loaded successfully]
[2026-05-17 13:03:10,503: INFO: common: YAML file params.yaml loaded successfully]
[2026-05-17 13:03:10,510: INFO: common: created directory at: artifacts]
[2026-05-17 13:03:10,514: INFO: common: created directory at: artifacts/data_ingestion]
[2026-05-17 13:06:14,913: INFO: 4037744573: artifacts/data_ingestion/data.zip download! with following info: 
Connection: close
Content-Length: 11616915
Cache-Control: max-age=300
Content-Security-Policy: default-src 'none'; style-src 'unsafe-inline'; sandbox
Content-Type: application/zip
ETag: "adf745abc03891fe493c3be264ec012691fe3fa21d861f35a27edbe6d86a76b1"
Strict-Transport-Security: max-age=31536000
X-Content-Type-Options: nosniff
X-Frame-Options: deny
X-XSS-Protection: 1; mode=block
X-GitHub-Request-Id: D1F4:20319C:209BFF:595CB5:6A096F37
Accept-Ranges: bytes
Date: Sun, 17 May 2026 07:33:12 GMT
Via: 1.1 varnish
X-Served-By: cache-bom-vanm7210074-BOM
X-Cache: MISS
X-Cache-Hits: 0
X-Timer: S1779003191.419367,VS0,VE1291
Vary: Authorization,Accept-Encoding
Access-Control-Allow-Origin: *
Cross-Origin-Resource-Policy: cross-origin
X-Fastly-Request-ID: 8e063a058f771ecf8ae4129969bcded996751cb4
Expires: Sun, 17 May 2026 07:38:12 GMT
Source-Age: 1

]
[2026-05-17 13:28:00,387: INFO: main: >>>>>> Data Ingestion Stage started <<<<<<]
[2026-05-17 13:28:00,392: INFO: common: YAML file config\config.yaml loaded successfully]
[2026-05-17 13:28:00,396: INFO: common: YAML file params.yaml loaded successfully]
[2026-05-17 13:28:00,397: INFO: common: created directory at: artifacts]
[2026-05-17 13:28:00,397: INFO: common: created directory at: artifacts/data_ingestion]
[2026-05-17 13:28:00,398: INFO: data_ingestion: File already exists of size: ~ 11345 KB]
[2026-05-17 13:28:01,696: INFO: main: >>>>>> Data Ingestion Stage completed <<<<<<

x==========x]
[2026-05-17 15:30:28,342: INFO: common: YAML file config\config.yaml loaded successfully]
[2026-05-17 15:30:28,361: INFO: common: YAML file params.yaml loaded successfully]
[2026-05-17 15:30:28,364: INFO: common: created directory at: artifacts]
[2026-05-17 15:30:28,367: INFO: common: created directory at: artifacts/prepare_base_model]
[2026-05-17 15:30:31,152: WARNING: saving_api: You are saving your model as an HDF5 file via `model.save()` or `keras.saving.save_model(model)`. This file format is considered legacy. We recommend using instead the native Keras format, e.g. `model.save('my_model.keras')` or `keras.saving.save_model(model, 'my_model.keras')`. ]
[2026-05-17 15:30:31,449: WARNING: config: TensorFlow GPU support is not available on native Windows for TensorFlow >= 2.11. Even if CUDA/cuDNN are installed, GPU will not be used. Please use WSL2 or the TensorFlow-DirectML plugin.]
[2026-05-17 15:30:31,736: WARNING: saving_api: You are saving your model as an HDF5 file via `model.save()` or `keras.saving.save_model(model)`. This file format is considered legacy. We recommend using instead the native Keras format, e.g. `model.save('my_model.keras')` or `keras.saving.save_model(model, 'my_model.keras')`. ]
[2026-05-17 15:30:34,355: INFO: main: >>>>>> Data Ingestion Stage started <<<<<<]
[2026-05-17 15:30:34,362: INFO: common: YAML file config\config.yaml loaded successfully]
[2026-05-17 15:30:34,366: INFO: common: YAML file params.yaml loaded successfully]
[2026-05-17 15:30:34,367: INFO: common: created directory at: artifacts]
[2026-05-17 15:30:34,367: INFO: common: created directory at: artifacts/data_ingestion]
[2026-05-17 15:30:34,368: INFO: data_ingestion: File already exists of size: ~ 11345 KB]
[2026-05-17 15:30:35,000: INFO: main: >>>>>> Data Ingestion Stage completed <<<<<<

x==========x]
[2026-05-17 15:30:35,001: INFO: main: >>>>>> Prepare Base Model started <<<<<<]
[2026-05-17 15:30:35,003: INFO: common: YAML file config\config.yaml loaded successfully]
[2026-05-17 15:30:35,006: INFO: common: YAML file params.yaml loaded successfully]
[2026-05-17 15:30:35,007: INFO: common: created directory at: artifacts]
[2026-05-17 15:30:35,010: INFO: common: created directory at: artifacts/prepare_base_model]
[2026-05-17 15:30:36,128: WARNING: saving_api: You are saving your model as an HDF5 file via `model.save()` or `keras.saving.save_model(model)`. This file format is considered legacy. We recommend using instead the native Keras format, e.g. `model.save('my_model.keras')` or `keras.saving.save_model(model, 'my_model.keras')`. ]
[2026-05-17 15:30:36,375: WARNING: saving_api: You are saving your model as an HDF5 file via `model.save()` or `keras.saving.save_model(model)`. This file format is considered legacy. We recommend using instead the native Keras format, e.g. `model.save('my_model.keras')` or `keras.saving.save_model(model, 'my_model.keras')`. ]
[2026-05-17 15:30:36,555: INFO: main: >>>>>> Prepare Base Model completed <<<<<<

x==========x]
[2026-05-17 15:35:59,458: INFO: common: YAML file config\config.yaml loaded successfully]
[2026-05-17 15:35:59,469: INFO: common: YAML file params.yaml loaded successfully]
[2026-05-17 15:35:59,473: INFO: common: created directory at: artifacts]
[2026-05-17 15:35:59,478: INFO: common: created directory at: artifacts\prepare_callbacks\checkpoint_dir]
[2026-05-17 15:35:59,482: INFO: common: created directory at: artifacts\prepare_callbacks\tensorboard_log_dir]
[2026-05-17 16:11:44,015: INFO: common: YAML file config\config.yaml loaded successfully]
[2026-05-17 16:11:44,035: INFO: common: YAML file params.yaml loaded successfully]
[2026-05-17 16:11:44,038: INFO: common: created directory at: artifacts]
[2026-05-17 16:11:44,040: INFO: common: created directory at: artifacts\prepare_callbacks\checkpoint_dir]
[2026-05-17 16:11:44,044: INFO: common: created directory at: artifacts\prepare_callbacks\tensorboard_log_dir]
[2026-05-17 16:11:44,047: INFO: common: created directory at: artifacts\training]
[2026-05-17 16:11:45,401: WARNING: config: TensorFlow GPU support is not available on native Windows for TensorFlow >= 2.11. Even if CUDA/cuDNN are installed, GPU will not be used. Please use WSL2 or the TensorFlow-DirectML plugin.]
[2026-05-17 16:17:53,905: INFO: main: >>>>>> Data Ingestion Stage started <<<<<<]
[2026-05-17 16:17:53,910: INFO: common: YAML file config\config.yaml loaded successfully]
[2026-05-17 16:17:53,913: INFO: common: YAML file params.yaml loaded successfully]
[2026-05-17 16:17:53,913: INFO: common: created directory at: artifacts]
[2026-05-17 16:17:53,914: INFO: common: created directory at: artifacts/data_ingestion]
[2026-05-17 16:17:53,915: INFO: data_ingestion: File already exists of size: ~ 11345 KB]
[2026-05-17 16:17:54,505: INFO: main: >>>>>> Data Ingestion Stage completed <<<<<<

x==========x]
[2026-05-17 16:17:54,505: INFO: main: >>>>>> Prepare Base Model started <<<<<<]
[2026-05-17 16:17:54,509: INFO: common: YAML file config\config.yaml loaded successfully]
[2026-05-17 16:17:54,512: INFO: common: YAML file params.yaml loaded successfully]
[2026-05-17 16:17:54,513: INFO: common: created directory at: artifacts]
[2026-05-17 16:17:54,514: INFO: common: created directory at: artifacts/prepare_base_model]
[2026-05-17 16:17:55,885: WARNING: saving_api: You are saving your model as an HDF5 file via `model.save()` or `keras.saving.save_model(model)`. This file format is considered legacy. We recommend using instead the native Keras format, e.g. `model.save('my_model.keras')` or `keras.saving.save_model(model, 'my_model.keras')`. ]
[2026-05-17 16:17:56,313: WARNING: config: TensorFlow GPU support is not available on native Windows for TensorFlow >= 2.11. Even if CUDA/cuDNN are installed, GPU will not be used. Please use WSL2 or the TensorFlow-DirectML plugin.]
[2026-05-17 16:17:56,545: WARNING: saving_api: You are saving your model as an HDF5 file via `model.save()` or `keras.saving.save_model(model)`. This file format is considered legacy. We recommend using instead the native Keras format, e.g. `model.save('my_model.keras')` or `keras.saving.save_model(model, 'my_model.keras')`. ]
[2026-05-17 16:17:56,783: INFO: main: >>>>>> Prepare Base Model completed <<<<<<

x==========x]
[2026-05-17 16:21:03,771: INFO: main: >>>>>> Data Ingestion Stage started <<<<<<]
[2026-05-17 16:21:03,778: INFO: common: YAML file config\config.yaml loaded successfully]
[2026-05-17 16:21:03,782: INFO: common: YAML file params.yaml loaded successfully]
[2026-05-17 16:21:03,783: INFO: common: created directory at: artifacts]
[2026-05-17 16:21:03,783: INFO: common: created directory at: artifacts/data_ingestion]
[2026-05-17 16:21:03,784: INFO: data_ingestion: File already exists of size: ~ 11345 KB]
[2026-05-17 16:21:04,464: INFO: main: >>>>>> Data Ingestion Stage completed <<<<<<

x==========x]
[2026-05-17 16:21:04,464: INFO: main: >>>>>> Prepare Base Model started <<<<<<]
[2026-05-17 16:21:04,469: INFO: common: YAML file config\config.yaml loaded successfully]
[2026-05-17 16:21:04,474: INFO: common: YAML file params.yaml loaded successfully]
[2026-05-17 16:21:04,476: INFO: common: created directory at: artifacts]
[2026-05-17 16:21:04,476: INFO: common: created directory at: artifacts/prepare_base_model]
[2026-05-17 16:21:07,737: WARNING: saving_api: You are saving your model as an HDF5 file via `model.save()` or `keras.saving.save_model(model)`. This file format is considered legacy. We recommend using instead the native Keras format, e.g. `model.save('my_model.keras')` or `keras.saving.save_model(model, 'my_model.keras')`. ]
[2026-05-17 16:21:08,057: WARNING: config: TensorFlow GPU support is not available on native Windows for TensorFlow >= 2.11. Even if CUDA/cuDNN are installed, GPU will not be used. Please use WSL2 or the TensorFlow-DirectML plugin.]
[2026-05-17 16:21:08,144: WARNING: saving_api: You are saving your model as an HDF5 file via `model.save()` or `keras.saving.save_model(model)`. This file format is considered legacy. We recommend using instead the native Keras format, e.g. `model.save('my_model.keras')` or `keras.saving.save_model(model, 'my_model.keras')`. ]
[2026-05-17 16:21:08,793: INFO: main: >>>>>> Prepare Base Model completed <<<<<<

x==========x]
[2026-05-17 16:54:15,105: INFO: main: >>>>>> Data Ingestion Stage started <<<<<<]
[2026-05-17 16:54:15,118: INFO: common: YAML file config\config.yaml loaded successfully]
[2026-05-17 16:54:15,129: INFO: common: YAML file params.yaml loaded successfully]
[2026-05-17 16:54:15,130: INFO: common: created directory at: artifacts]
[2026-05-17 16:54:15,131: INFO: common: created directory at: artifacts/data_ingestion]
[2026-05-17 16:54:15,132: INFO: data_ingestion: File already exists of size: ~ 11345 KB]
[2026-05-17 16:54:15,653: INFO: main: >>>>>> Data Ingestion Stage completed <<<<<<

x==========x]
[2026-05-17 16:54:15,653: INFO: main: >>>>>> Prepare Base Model started <<<<<<]
[2026-05-17 16:54:15,660: INFO: common: YAML file config\config.yaml loaded successfully]
[2026-05-17 16:54:15,663: INFO: common: YAML file params.yaml loaded successfully]
[2026-05-17 16:54:15,664: INFO: common: created directory at: artifacts]
[2026-05-17 16:54:15,665: INFO: common: created directory at: artifacts/prepare_base_model]
[2026-05-17 16:54:16,900: WARNING: saving_api: You are saving your model as an HDF5 file via `model.save()` or `keras.saving.save_model(model)`. This file format is considered legacy. We recommend using instead the native Keras format, e.g. `model.save('my_model.keras')` or `keras.saving.save_model(model, 'my_model.keras')`. ]
[2026-05-17 16:54:17,213: WARNING: config: TensorFlow GPU support is not available on native Windows for TensorFlow >= 2.11. Even if CUDA/cuDNN are installed, GPU will not be used. Please use WSL2 or the TensorFlow-DirectML plugin.]
[2026-05-17 16:54:17,300: WARNING: saving_api: You are saving your model as an HDF5 file via `model.save()` or `keras.saving.save_model(model)`. This file format is considered legacy. We recommend using instead the native Keras format, e.g. `model.save('my_model.keras')` or `keras.saving.save_model(model, 'my_model.keras')`. ]
[2026-05-17 16:54:17,479: INFO: main: >>>>>> Prepare Base Model completed <<<<<<

x==========x]
[2026-05-17 16:54:17,479: INFO: main: >>>>>> Training started <<<<<<]
[2026-05-17 16:54:17,484: INFO: common: YAML file config\config.yaml loaded successfully]
[2026-05-17 16:54:17,486: INFO: common: YAML file params.yaml loaded successfully]
[2026-05-17 16:54:17,487: INFO: common: created directory at: artifacts]
[2026-05-17 16:54:17,488: INFO: common: created directory at: artifacts\prepare_callbacks\checkpoint_dir]
[2026-05-17 16:54:17,488: INFO: common: created directory at: artifacts\prepare_callbacks\tensorboard_log_dir]
[2026-05-17 16:54:17,489: INFO: common: created directory at: artifacts\training]
[2026-05-17 16:54:17,926: WARNING: saving_utils: Compiled the loaded model, but the compiled metrics have yet to be built. `model.compile_metrics` will be empty until you train or evaluate the model.]
[2026-05-17 16:54:45,042: ERROR: main: TensorBoard is not installed, missing implementation for tf.summary.scalar. Please install TensorBoard via `pip install tensorboard`.]
Traceback (most recent call last):
  File "C:\Users\cw\Desktop\DLOPSS\main.py", line 31, in <module>
    model_trainer.main()
    ~~~~~~~~~~~~~~~~~~^^
  File "C:\Users\cw\Desktop\DLOPSS\src\cnnClassifier\pipeline\stage_03_training.py", line 21, in main
    training.train(
    ~~~~~~~~~~~~~~^
        callback_list=callback_list
        ^^^^^^^^^^^^^^^^^^^^^^^^^^^
    )
    ^
  File "C:\Users\cw\Desktop\DLOPSS\src\cnnClassifier\components\training.py", line 77, in train
    self.model.fit(
    ~~~~~~~~~~~~~~^
        self.train_generator,
        ^^^^^^^^^^^^^^^^^^^^^
    ...<4 lines>...
        callbacks=callback_list
        ^^^^^^^^^^^^^^^^^^^^^^^
    )
    ^
  File "C:\Users\cw\Desktop\DLOPSS\.venv\Lib\site-packages\keras\src\utils\traceback_utils.py", line 122, in error_handler
    raise e.with_traceback(filtered_tb) from None
  File "C:\Users\cw\Desktop\DLOPSS\.venv\Lib\site-packages\tensorflow\python\summary\tb_summary.py", line 306, in scalar
    raise TBNotInstalledError("tf.summary.scalar") from exc
tensorflow.python.summary.tb_summary.TBNotInstalledError: TensorBoard is not installed, missing implementation for tf.summary.scalar. Please install TensorBoard via `pip install tensorboard`.
[2026-05-17 16:57:59,977: INFO: main: >>>>>> Data Ingestion Stage started <<<<<<]
[2026-05-17 16:57:59,980: INFO: common: YAML file config\config.yaml loaded successfully]
[2026-05-17 16:57:59,982: INFO: common: YAML file params.yaml loaded successfully]
[2026-05-17 16:57:59,983: INFO: common: created directory at: artifacts]
[2026-05-17 16:57:59,984: INFO: common: created directory at: artifacts/data_ingestion]
[2026-05-17 16:57:59,984: INFO: data_ingestion: File already exists of size: ~ 11345 KB]
[2026-05-17 16:58:00,473: INFO: main: >>>>>> Data Ingestion Stage completed <<<<<<

x==========x]
[2026-05-17 16:58:00,473: INFO: main: >>>>>> Prepare Base Model started <<<<<<]
[2026-05-17 16:58:00,477: INFO: common: YAML file config\config.yaml loaded successfully]
[2026-05-17 16:58:00,479: INFO: common: YAML file params.yaml loaded successfully]
[2026-05-17 16:58:00,480: INFO: common: created directory at: artifacts]
[2026-05-17 16:58:00,481: INFO: common: created directory at: artifacts/prepare_base_model]
[2026-05-17 16:58:01,357: WARNING: saving_api: You are saving your model as an HDF5 file via `model.save()` or `keras.saving.save_model(model)`. This file format is considered legacy. We recommend using instead the native Keras format, e.g. `model.save('my_model.keras')` or `keras.saving.save_model(model, 'my_model.keras')`. ]
[2026-05-17 16:58:01,627: WARNING: config: TensorFlow GPU support is not available on native Windows for TensorFlow >= 2.11. Even if CUDA/cuDNN are installed, GPU will not be used. Please use WSL2 or the TensorFlow-DirectML plugin.]
[2026-05-17 16:58:01,719: WARNING: saving_api: You are saving your model as an HDF5 file via `model.save()` or `keras.saving.save_model(model)`. This file format is considered legacy. We recommend using instead the native Keras format, e.g. `model.save('my_model.keras')` or `keras.saving.save_model(model, 'my_model.keras')`. ]
[2026-05-17 16:58:02,043: INFO: main: >>>>>> Prepare Base Model completed <<<<<<

x==========x]
[2026-05-17 16:58:02,043: INFO: main: >>>>>> Training started <<<<<<]
[2026-05-17 16:58:02,045: INFO: common: YAML file config\config.yaml loaded successfully]
[2026-05-17 16:58:02,048: INFO: common: YAML file params.yaml loaded successfully]
[2026-05-17 16:58:02,049: INFO: common: created directory at: artifacts]
[2026-05-17 16:58:02,050: INFO: common: created directory at: artifacts\prepare_callbacks\checkpoint_dir]
[2026-05-17 16:58:02,051: INFO: common: created directory at: artifacts\prepare_callbacks\tensorboard_log_dir]
[2026-05-17 16:58:02,052: INFO: common: created directory at: artifacts\training]
[2026-05-17 16:58:02,322: WARNING: saving_utils: Compiled the loaded model, but the compiled metrics have yet to be built. `model.compile_metrics` will be empty until you train or evaluate the model.]
[2026-05-17 16:58:30,187: ERROR: main: TensorBoard is not installed, missing implementation for tf.summary.scalar. Please install TensorBoard via `pip install tensorboard`.]
Traceback (most recent call last):
  File "C:\Users\cw\Desktop\DLOPSS\main.py", line 31, in <module>
    model_trainer.main()
    ~~~~~~~~~~~~~~~~~~^^
  File "C:\Users\cw\Desktop\DLOPSS\src\cnnClassifier\pipeline\stage_03_training.py", line 21, in main
    training.train(
    ~~~~~~~~~~~~~~^
        callback_list=callback_list
        ^^^^^^^^^^^^^^^^^^^^^^^^^^^
    )
    ^
  File "C:\Users\cw\Desktop\DLOPSS\src\cnnClassifier\components\training.py", line 77, in train
    self.model.fit(
    ~~~~~~~~~~~~~~^
        self.train_generator,
        ^^^^^^^^^^^^^^^^^^^^^
    ...<4 lines>...
        callbacks=callback_list
        ^^^^^^^^^^^^^^^^^^^^^^^
    )
    ^
  File "C:\Users\cw\Desktop\DLOPSS\.venv\Lib\site-packages\keras\src\utils\traceback_utils.py", line 122, in error_handler
    raise e.with_traceback(filtered_tb) from None
  File "C:\Users\cw\Desktop\DLOPSS\.venv\Lib\site-packages\tensorflow\python\summary\tb_summary.py", line 306, in scalar
    raise TBNotInstalledError("tf.summary.scalar") from exc
tensorflow.python.summary.tb_summary.TBNotInstalledError: TensorBoard is not installed, missing implementation for tf.summary.scalar. Please install TensorBoard via `pip install tensorboard`.
[2026-05-17 17:04:40,647: INFO: main: >>>>>> Data Ingestion Stage started <<<<<<]
[2026-05-17 17:04:40,653: INFO: common: YAML file config\config.yaml loaded successfully]
[2026-05-17 17:04:40,656: INFO: common: YAML file params.yaml loaded successfully]
[2026-05-17 17:04:40,657: INFO: common: created directory at: artifacts]
[2026-05-17 17:04:40,658: INFO: common: created directory at: artifacts/data_ingestion]
[2026-05-17 17:04:40,658: INFO: data_ingestion: File already exists of size: ~ 11345 KB]
[2026-05-17 17:04:41,204: INFO: main: >>>>>> Data Ingestion Stage completed <<<<<<

x==========x]
[2026-05-17 17:04:41,204: INFO: main: >>>>>> Prepare Base Model started <<<<<<]
[2026-05-17 17:04:41,206: INFO: common: YAML file config\config.yaml loaded successfully]
[2026-05-17 17:04:41,208: INFO: common: YAML file params.yaml loaded successfully]
[2026-05-17 17:04:41,209: INFO: common: created directory at: artifacts]
[2026-05-17 17:04:41,209: INFO: common: created directory at: artifacts/prepare_base_model]
[2026-05-17 17:04:42,091: WARNING: saving_api: You are saving your model as an HDF5 file via `model.save()` or `keras.saving.save_model(model)`. This file format is considered legacy. We recommend using instead the native Keras format, e.g. `model.save('my_model.keras')` or `keras.saving.save_model(model, 'my_model.keras')`. ]
[2026-05-17 17:04:42,312: WARNING: config: TensorFlow GPU support is not available on native Windows for TensorFlow >= 2.11. Even if CUDA/cuDNN are installed, GPU will not be used. Please use WSL2 or the TensorFlow-DirectML plugin.]
[2026-05-17 17:04:42,361: WARNING: saving_api: You are saving your model as an HDF5 file via `model.save()` or `keras.saving.save_model(model)`. This file format is considered legacy. We recommend using instead the native Keras format, e.g. `model.save('my_model.keras')` or `keras.saving.save_model(model, 'my_model.keras')`. ]
[2026-05-17 17:04:42,656: INFO: main: >>>>>> Prepare Base Model completed <<<<<<

x==========x]
[2026-05-17 17:04:42,656: INFO: main: >>>>>> Training started <<<<<<]
[2026-05-17 17:04:42,659: INFO: common: YAML file config\config.yaml loaded successfully]
[2026-05-17 17:04:42,661: INFO: common: YAML file params.yaml loaded successfully]
[2026-05-17 17:04:42,662: INFO: common: created directory at: artifacts]
[2026-05-17 17:04:42,663: INFO: common: created directory at: artifacts\prepare_callbacks\checkpoint_dir]
[2026-05-17 17:04:42,664: INFO: common: created directory at: artifacts\prepare_callbacks\tensorboard_log_dir]
[2026-05-17 17:04:42,665: INFO: common: created directory at: artifacts\training]
[2026-05-17 17:04:42,924: WARNING: saving_utils: Compiled the loaded model, but the compiled metrics have yet to be built. `model.compile_metrics` will be empty until you train or evaluate the model.]
[2026-05-17 17:10:33,055: WARNING: saving_api: You are saving your model as an HDF5 file via `model.save()` or `keras.saving.save_model(model)`. This file format is considered legacy. We recommend using instead the native Keras format, e.g. `model.save('my_model.keras')` or `keras.saving.save_model(model, 'my_model.keras')`. ]
[2026-05-17 17:10:38,723: WARNING: saving_api: You are saving your model as an HDF5 file via `model.save()` or `keras.saving.save_model(model)`. This file format is considered legacy. We recommend using instead the native Keras format, e.g. `model.save('my_model.keras')` or `keras.saving.save_model(model, 'my_model.keras')`. ]
[2026-05-17 17:10:38,842: INFO: main: >>>>>> Training completed <<<<<<

x==========x]
[2026-05-17 17:10:38,843: INFO: main: >>>>>> Evaluation started <<<<<<]
[2026-05-17 17:10:38,845: INFO: common: YAML file config\config.yaml loaded successfully]
[2026-05-17 17:10:38,847: INFO: common: YAML file params.yaml loaded successfully]
[2026-05-17 17:10:38,848: INFO: common: created directory at: artifacts]
[2026-05-17 17:10:39,189: WARNING: saving_utils: Compiled the loaded model, but the compiled metrics have yet to be built. `model.compile_metrics` will be empty until you train or evaluate the model.]
[2026-05-17 17:11:06,518: INFO: common: json file saved at: scores.json]
[2026-05-17 17:11:06,518: INFO: main: >>>>>> Evaluation completed <<<<<<

x==========x]
[2026-05-17 17:32:10,970: INFO: main: >>>>>> Data Ingestion Stage started <<<<<<]
[2026-05-17 17:32:10,974: INFO: common: YAML file config\config.yaml loaded successfully]
[2026-05-17 17:32:10,976: INFO: common: YAML file params.yaml loaded successfully]
[2026-05-17 17:32:10,977: INFO: common: created directory at: artifacts]
[2026-05-17 17:32:10,978: INFO: common: created directory at: artifacts/data_ingestion]
[2026-05-17 17:32:10,979: INFO: data_ingestion: File already exists of size: ~ 11345 KB]
[2026-05-17 17:32:11,419: INFO: main: >>>>>> Data Ingestion Stage completed <<<<<<

x==========x]
[2026-05-17 17:32:11,420: INFO: main: >>>>>> Prepare Base Model started <<<<<<]
[2026-05-17 17:32:11,423: INFO: common: YAML file config\config.yaml loaded successfully]
[2026-05-17 17:32:11,426: INFO: common: YAML file params.yaml loaded successfully]
[2026-05-17 17:32:11,427: INFO: common: created directory at: artifacts]
[2026-05-17 17:32:11,428: INFO: common: created directory at: artifacts/prepare_base_model]
[2026-05-17 17:32:12,298: WARNING: saving_api: You are saving your model as an HDF5 file via `model.save()` or `keras.saving.save_model(model)`. This file format is considered legacy. We recommend using instead the native Keras format, e.g. `model.save('my_model.keras')` or `keras.saving.save_model(model, 'my_model.keras')`. ]
[2026-05-17 17:32:12,611: WARNING: config: TensorFlow GPU support is not available on native Windows for TensorFlow >= 2.11. Even if CUDA/cuDNN are installed, GPU will not be used. Please use WSL2 or the TensorFlow-DirectML plugin.]
[2026-05-17 17:32:12,659: WARNING: saving_api: You are saving your model as an HDF5 file via `model.save()` or `keras.saving.save_model(model)`. This file format is considered legacy. We recommend using instead the native Keras format, e.g. `model.save('my_model.keras')` or `keras.saving.save_model(model, 'my_model.keras')`. ]
[2026-05-17 17:32:12,787: INFO: main: >>>>>> Prepare Base Model completed <<<<<<

x==========x]
[2026-05-17 17:32:12,787: INFO: main: >>>>>> Training started <<<<<<]
[2026-05-17 17:32:12,792: INFO: common: YAML file config\config.yaml loaded successfully]
[2026-05-17 17:32:12,795: INFO: common: YAML file params.yaml loaded successfully]
[2026-05-17 17:32:12,796: INFO: common: created directory at: artifacts]
[2026-05-17 17:32:12,797: INFO: common: created directory at: artifacts\prepare_callbacks\checkpoint_dir]
[2026-05-17 17:32:12,799: INFO: common: created directory at: artifacts\prepare_callbacks\tensorboard_log_dir]
[2026-05-17 17:32:12,801: INFO: common: created directory at: artifacts\training]
[2026-05-17 17:32:13,070: WARNING: saving_utils: Compiled the loaded model, but the compiled metrics have yet to be built. `model.compile_metrics` will be empty until you train or evaluate the model.]
[2026-05-17 17:42:57,462: WARNING: saving_api: You are saving your model as an HDF5 file via `model.save()` or `keras.saving.save_model(model)`. This file format is considered legacy. We recommend using instead the native Keras format, e.g. `model.save('my_model.keras')` or `keras.saving.save_model(model, 'my_model.keras')`. ]
[2026-05-17 17:42:57,981: WARNING: saving_api: You are saving your model as an HDF5 file via `model.save()` or `keras.saving.save_model(model)`. This file format is considered legacy. We recommend using instead the native Keras format, e.g. `model.save('my_model.keras')` or `keras.saving.save_model(model, 'my_model.keras')`. ]
[2026-05-17 17:42:58,352: INFO: main: >>>>>> Training completed <<<<<<

x==========x]
[2026-05-17 17:42:58,353: INFO: main: >>>>>> Evaluation started <<<<<<]
[2026-05-17 17:42:58,372: INFO: common: YAML file config\config.yaml loaded successfully]
[2026-05-17 17:42:58,388: INFO: common: YAML file params.yaml loaded successfully]
[2026-05-17 17:42:58,390: INFO: common: created directory at: artifacts]
[2026-05-17 17:42:59,607: WARNING: saving_utils: Compiled the loaded model, but the compiled metrics have yet to be built. `model.compile_metrics` will be empty until you train or evaluate the model.]
[2026-05-17 17:43:42,795: INFO: common: json file saved at: scores.json]
[2026-05-17 17:43:42,796: INFO: main: >>>>>> Evaluation completed <<<<<<

x==========x]
[2026-05-17 17:50:43,850: INFO: _internal: [31m[1mWARNING: This is a development server. Do not use it in a production deployment. Use a production WSGI server instead.[0m
 * Running on all addresses (0.0.0.0)
 * Running on http://127.0.0.1:8080
 * Running on http://10.80.201.203:8080]
[2026-05-17 17:50:43,851: INFO: _internal: [33mPress CTRL+C to quit[0m]
[2026-05-17 17:51:01,706: INFO: _internal: 127.0.0.1 - - [17/May/2026 17:51:01] "GET / HTTP/1.1" 200 -]
[2026-05-17 17:51:02,751: INFO: _internal: 127.0.0.1 - - [17/May/2026 17:51:02] "[33mGET /favicon.ico HTTP/1.1[0m" 404 -]
[2026-05-17 17:51:45,896: WARNING: config: TensorFlow GPU support is not available on native Windows for TensorFlow >= 2.11. Even if CUDA/cuDNN are installed, GPU will not be used. Please use WSL2 or the TensorFlow-DirectML plugin.]
[2026-05-17 17:51:45,963: WARNING: saving_utils: Compiled the loaded model, but the compiled metrics have yet to be built. `model.compile_metrics` will be empty until you train or evaluate the model.]
[2026-05-17 17:51:50,179: INFO: _internal: 127.0.0.1 - - [17/May/2026 17:51:50] "POST /predict HTTP/1.1" 200 -]
[2026-05-17 17:53:23,466: WARNING: saving_utils: Compiled the loaded model, but the compiled metrics have yet to be built. `model.compile_metrics` will be empty until you train or evaluate the model.]
[2026-05-17 17:53:26,504: INFO: _internal: 127.0.0.1 - - [17/May/2026 17:53:26] "POST /predict HTTP/1.1" 200 -]
